<?xml version="1.0" encoding="UTF-8"?>
<!-- Generated by org.testng.reporters.JUnitReportReporter -->
<testsuite hostname="QTINA901X2GM" failures="0" tests="1" name="Neuro.Patient" time="9.247" errors="0" timestamp="2022-12-08T14:11:54 IST" skipped="0">
  <testcase classname="Neuro.Patient" name="name" time="9.247"/>
  <system-out/>
</testsuite> <!-- Neuro.Patient -->
