<?xml version="1.0" encoding="UTF-8"?>
<!-- Generated by org.testng.reporters.JUnitReportReporter -->
<testsuite hostname="QTINA901X2GM" failures="0" tests="1" name="Neuro.HandleMultipleWindows" time="3.508" errors="0" timestamp="2023-01-11T13:59:48 IST" skipped="0">
  <testcase classname="Neuro.HandleMultipleWindows" name="TestMultipleWindows" time="3.508"/>
  <system-out/>
</testsuite> <!-- Neuro.HandleMultipleWindows -->
